<?xml version="1.0" encoding="utf-8"?><testsuites name="pytest tests"><testsuite name="pytest" errors="0" failures="0" skipped="0" tests="7" time="1.366" timestamp="2026-04-29T18:17:44.394079+00:00" hostname="agent-env-2942a461-e27c-4838-878f-fb5dc312cac2"><testcase classname="backend.tests.test_catalog_contact.TestCatalogRequest" name="test_catalog_request_success" time="0.210" /><testcase classname="backend.tests.test_catalog_contact.TestCatalogRequest" name="test_catalog_request_missing_name" time="0.167" /><testcase classname="backend.tests.test_catalog_contact.TestCatalogRequest" name="test_catalog_request_missing_email" time="0.135" /><testcase classname="backend.tests.test_catalog_contact.TestCatalogRequest" name="test_catalog_request_minimal_fields" time="0.120" /><testcase classname="backend.tests.test_catalog_contact.TestContactEndpoint" name="test_contact_submission_success" time="0.121" /><testcase classname="backend.tests.test_catalog_contact.TestContactEndpoint" name="test_contact_missing_required_fields" time="0.160" /><testcase classname="backend.tests.test_catalog_contact.TestCatalogPDF" name="test_catalog_pdf_accessible" time="0.304" /></testsuite></testsuites>