<?xml version="1.0" encoding="utf-8"?><testsuites name="pytest tests"><testsuite name="pytest" errors="0" failures="0" skipped="0" tests="12" time="2.567" timestamp="2026-04-15T17:53:21.761990+00:00" hostname="agent-env-2942a461-e27c-4838-878f-fb5dc312cac2"><testcase classname="backend.tests.test_admin.TestAdminLogin" name="test_login_success" time="0.460" /><testcase classname="backend.tests.test_admin.TestAdminLogin" name="test_login_wrong_password" time="0.407" /><testcase classname="backend.tests.test_admin.TestAdminLogin" name="test_login_wrong_email" time="0.126" /><testcase classname="backend.tests.test_admin.TestAdminLogin" name="test_me_with_valid_token" time="0.467" /><testcase classname="backend.tests.test_admin.TestAdminLogin" name="test_me_without_token" time="0.107" /><testcase classname="backend.tests.test_admin.TestAdminBlogCRUD" name="test_create_blog_post" time="0.127" /><testcase classname="backend.tests.test_admin.TestAdminBlogCRUD" name="test_create_blog_post_unauthenticated" time="0.112" /><testcase classname="backend.tests.test_admin.TestAdminBlogCRUD" name="test_update_blog_post" time="0.128" /><testcase classname="backend.tests.test_admin.TestAdminBlogCRUD" name="test_delete_blog_post" time="0.135" /><testcase classname="backend.tests.test_admin.TestAdminBlogCRUD" name="test_delete_nonexistent_post" time="0.179" /><testcase classname="backend.tests.test_admin.TestAdminContacts" name="test_get_contacts_authenticated" time="0.110" /><testcase classname="backend.tests.test_admin.TestAdminContacts" name="test_get_contacts_unauthenticated" time="0.138" /></testsuite></testsuites>