<?xml version="1.0" encoding="utf-8"?><testsuites name="pytest tests"><testsuite name="pytest" errors="0" failures="0" skipped="0" tests="7" time="4.517" timestamp="2026-04-15T15:54:44.083591+00:00" hostname="agent-env-2942a461-e27c-4838-878f-fb5dc312cac2"><testcase classname="backend.tests.test_eolian.TestContactAPI" name="test_post_contact" time="1.429" /><testcase classname="backend.tests.test_eolian.TestContactAPI" name="test_post_contact_missing_required" time="0.234" /><testcase classname="backend.tests.test_eolian.TestContactAPI" name="test_get_contacts" time="0.520" /><testcase classname="backend.tests.test_eolian.TestContactAPI" name="test_post_contact_optional_fields" time="1.575" /><testcase classname="backend.tests.test_eolian.TestStatusAPI" name="test_get_root" time="0.228" /><testcase classname="backend.tests.test_eolian.TestStatusAPI" name="test_post_status" time="0.194" /><testcase classname="backend.tests.test_eolian.TestStatusAPI" name="test_get_status" time="0.177" /></testsuite></testsuites>