<?xml version="1.0" encoding="utf-8"?><testsuites name="pytest tests"><testsuite name="pytest" errors="0" failures="0" skipped="0" tests="16" time="2.980" timestamp="2026-04-16T04:32:52.832692+00:00" hostname="agent-env-2942a461-e27c-4838-878f-fb5dc312cac2"><testcase classname="backend.tests.test_admin.TestAdminLogin" name="test_login_success" time="0.432" /><testcase classname="backend.tests.test_admin.TestAdminLogin" name="test_login_wrong_password" time="0.367" /><testcase classname="backend.tests.test_admin.TestAdminLogin" name="test_login_wrong_email" time="0.151" /><testcase classname="backend.tests.test_admin.TestAdminLogin" name="test_me_with_valid_token" time="0.480" /><testcase classname="backend.tests.test_admin.TestAdminLogin" name="test_me_without_token" time="0.103" /><testcase classname="backend.tests.test_admin.TestAdminBlogCRUD" name="test_create_blog_post" time="0.153" /><testcase classname="backend.tests.test_admin.TestAdminBlogCRUD" name="test_create_blog_post_unauthenticated" time="0.107" /><testcase classname="backend.tests.test_admin.TestAdminBlogCRUD" name="test_update_blog_post" time="0.154" /><testcase classname="backend.tests.test_admin.TestAdminBlogCRUD" name="test_delete_blog_post" time="0.106" /><testcase classname="backend.tests.test_admin.TestAdminBlogCRUD" name="test_delete_nonexistent_post" time="0.117" /><testcase classname="backend.tests.test_admin.TestAdminUpload" name="test_upload_valid_jpeg" time="0.104" /><testcase classname="backend.tests.test_admin.TestAdminUpload" name="test_uploaded_file_accessible" time="0.165" /><testcase classname="backend.tests.test_admin.TestAdminUpload" name="test_upload_non_image_rejected" time="0.102" /><testcase classname="backend.tests.test_admin.TestAdminUpload" name="test_upload_without_auth" time="0.099" /><testcase classname="backend.tests.test_admin.TestAdminContacts" name="test_get_contacts_authenticated" time="0.106" /><testcase classname="backend.tests.test_admin.TestAdminContacts" name="test_get_contacts_unauthenticated" time="0.106" /></testsuite></testsuites>