<?xml version="1.0" encoding="utf-8"?><testsuites name="pytest tests"><testsuite name="pytest" errors="0" failures="0" skipped="0" tests="19" time="2.311" timestamp="2026-04-16T05:05:54.137804+00:00" hostname="agent-env-2942a461-e27c-4838-878f-fb5dc312cac2"><testcase classname="backend.tests.test_sitemap_robots.TestSitemapXML" name="test_sitemap_returns_200" time="0.131" /><testcase classname="backend.tests.test_sitemap_robots.TestSitemapXML" name="test_sitemap_content_type" time="0.115" /><testcase classname="backend.tests.test_sitemap_robots.TestSitemapXML" name="test_sitemap_valid_xml" time="0.099" /><testcase classname="backend.tests.test_sitemap_robots.TestSitemapXML" name="test_sitemap_has_urlset_root" time="0.131" /><testcase classname="backend.tests.test_sitemap_robots.TestSitemapXML" name="test_sitemap_contains_all_static_pages" time="0.112" /><testcase classname="backend.tests.test_sitemap_robots.TestSitemapXML" name="test_sitemap_contains_artak_subpages" time="0.099" /><testcase classname="backend.tests.test_sitemap_robots.TestSitemapXML" name="test_sitemap_contains_blog_posts" time="0.096" /><testcase classname="backend.tests.test_sitemap_robots.TestSitemapXML" name="test_sitemap_each_url_has_required_fields" time="0.106" /><testcase classname="backend.tests.test_sitemap_robots.TestSitemapXML" name="test_sitemap_no_admin_urls" time="0.101" /><testcase classname="backend.tests.test_sitemap_robots.TestSitemapXML" name="test_sitemap_total_url_count" time="0.107" /><testcase classname="backend.tests.test_sitemap_robots.TestSitemapXML" name="test_sitemap_blog_post_lastmod_from_published_date" time="0.294" /><testcase classname="backend.tests.test_sitemap_robots.TestRobotsTxt" name="test_robots_returns_200" time="0.104" /><testcase classname="backend.tests.test_sitemap_robots.TestRobotsTxt" name="test_robots_content_type" time="0.107" /><testcase classname="backend.tests.test_sitemap_robots.TestRobotsTxt" name="test_robots_allows_all_crawlers" time="0.108" /><testcase classname="backend.tests.test_sitemap_robots.TestRobotsTxt" name="test_robots_disallows_admin" time="0.105" /><testcase classname="backend.tests.test_sitemap_robots.TestRobotsTxt" name="test_robots_contains_sitemap_directive" time="0.107" /><testcase classname="backend.tests.test_sitemap_robots.TestRobotsTxt" name="test_robots_sitemap_url_format" time="0.107" /><testcase classname="backend.tests.test_sitemap_robots.TestExistingFeaturesIntact" name="test_blog_api_still_works" time="0.097" /><testcase classname="backend.tests.test_sitemap_robots.TestExistingFeaturesIntact" name="test_sitemap_still_accessible" time="0.106" /></testsuite></testsuites>